<?xml version="1.0" encoding="UTF-8"?>
<!-- Generated by org.testng.reporters.JUnitReportReporter -->
<testsuite hostname="WS054576" name="abc.mobile.tests.JustinTest" tests="1" failures="0" timestamp="27 Nov 2015 03:33:52 GMT" time="22.894" errors="0">
  <testcase name="testcase1" time="22.894" classname="abc.mobile.tests.JustinTest"/>
</testsuite> <!-- abc.mobile.tests.JustinTest -->
