<?xml version="1.0" encoding="UTF-8"?>
<!-- Generated by org.testng.reporters.JUnitReportReporter -->
<testsuite skipped="0" hostname="WS102913" name="com.abcradio.testcases.ABCRadio_HomeScreenTest" tests="2" failures="0" timestamp="23 Sep 2016 00:36:59 GMT" time="12.006" errors="0">
  <testcase name="whatsOnNowTest" time="4.767" classname="com.abcradio.testcases.ABCRadio_HomeScreenTest"/>
  <testcase name="validateHomeScreenTest" time="7.239" classname="com.abcradio.testcases.ABCRadio_HomeScreenTest"/>
</testsuite> <!-- com.abcradio.testcases.ABCRadio_HomeScreenTest -->
