<?xml version="1.0" encoding="UTF-8"?>
<!-- Generated by org.testng.reporters.JUnitReportReporter -->
<testsuite skipped="0" hostname="WS102913" name="com.abcradio.testcases.WhatsOnNowScreenTest" tests="2" failures="0" timestamp="23 Sep 2016 00:36:59 GMT" time="8.861" errors="0">
  <testcase name="backButtonTest" time="4.493" classname="com.abcradio.testcases.WhatsOnNowScreenTest"/>
  <testcase name="verifyElementsPresentTest" time="4.368" classname="com.abcradio.testcases.WhatsOnNowScreenTest"/>
</testsuite> <!-- com.abcradio.testcases.WhatsOnNowScreenTest -->
