<?xml version="1.0" encoding="UTF-8"?>
<!-- Generated by org.testng.reporters.JUnitReportReporter -->
<testsuite skipped="0" hostname="WS102913" name="com.abcradio.testcases.ExploreMenuScreenTest" tests="2" failures="0" timestamp="22 Sep 2016 23:19:09 GMT" time="5.620" errors="0">
  <testcase name="homeScreenNavigationTest" time="0.689" classname="com.abcradio.testcases.ExploreMenuScreenTest"/>
  <testcase name="validateExploreMenuScreenTest" time="4.931" classname="com.abcradio.testcases.ExploreMenuScreenTest"/>
</testsuite> <!-- com.abcradio.testcases.ExploreMenuScreenTest -->
