<?xml version="1.0" encoding="UTF-8"?>
<!-- Generated by org.testng.reporters.JUnitReportReporter -->
<testsuite skipped="0" hostname="WS102913" name="com.abcradio.testcases.PlayChannelScreenTest" tests="2" failures="0" timestamp="22 Sep 2016 23:19:09 GMT" time="28.344" errors="0">
  <testcase name="playScreenCalendarTest" time="14.689" classname="com.abcradio.testcases.PlayChannelScreenTest"/>
  <testcase name="clickNextPrevLinkTest" time="13.655" classname="com.abcradio.testcases.PlayChannelScreenTest"/>
</testsuite> <!-- com.abcradio.testcases.PlayChannelScreenTest -->
