<?xml version="1.0" encoding="UTF-8"?>
<testsuite name="API_Framework.TS_Article" tests="287" failures="0" errors="0" time="8.701"><properties><property name="java.runtime.name" value="Java(TM) SE Runtime Environment"/><property name="sun.boot.library.path" value="/Library/Java/JavaVirtualMachines/jdk1.8.0_60.jdk/Contents/Home/jre/lib"/><property name="java.vm.version" value="25.60-b23"/><property name="user.country.format" value="AU"/><property name="gopherProxySet" value="false"/><property name="maven.multiModuleProjectDirectory" value="/Users/gunuputis4r/Documents/selenium/workspace/ABCAppApi"/><property name="java.vm.vendor" value="Oracle Corporation"/><property name="java.vendor.url" value="http://java.oracle.com/"/><property name="guice.disable.misplaced.annotation.check" value="true"/><property name="path.separator" value=":"/><property name="java.vm.name" value="Java HotSpot(TM) 64-Bit Server VM"/><property name="file.encoding.pkg" value="sun.io"/><property name="user.country" value="US"/><property name="sun.java.launcher" value="SUN_STANDARD"/><property name="sun.os.patch.level" value="unknown"/><property name="java.vm.specification.name" value="Java Virtual Machine Specification"/><property name="user.dir" value="/Users/gunuputis4r/Documents/selenium/workspace/ABCAppApi"/><property name="java.runtime.version" value="1.8.0_60-b27"/><property name="java.awt.graphicsenv" value="sun.awt.CGraphicsEnvironment"/><property name="java.endorsed.dirs" value="/Library/Java/JavaVirtualMachines/jdk1.8.0_60.jdk/Contents/Home/jre/lib/endorsed"/><property name="os.arch" value="x86_64"/><property name="java.io.tmpdir" value="/var/folders/6f/cm41jlqd0vbfmj_f6nwv7tf4sskhh6/T/"/><property name="line.separator" value="
"/><property name="java.vm.specification.vendor" value="Oracle Corporation"/><property name="os.name" value="Mac OS X"/><property name="classworlds.conf" value="/Users/gunuputis4r/Documents/selenium/workspace/.metadata/.plugins/org.eclipse.m2e.launching/launches/m2conf5525465673648968154.tmp"/><property name="sun.jnu.encoding" value="UTF-8"/><property name="java.library.path" value="/Users/gunuputis4r/Library/Java/Extensions:/Library/Java/Extensions:/Network/Library/Java/Extensions:/System/Library/Java/Extensions:/usr/lib/java:."/><property name="sun.awt.enableExtraMouseButtons" value="true"/><property name="java.specification.name" value="Java Platform API Specification"/><property name="java.class.version" value="52.0"/><property name="sun.management.compiler" value="HotSpot 64-Bit Tiered Compilers"/><property name="os.version" value="10.11.6"/><property name="http.nonProxyHosts" value="local|*.local|169.254/16|*.169.254/16"/><property name="user.home" value="/Users/gunuputis4r"/><property name="user.timezone" value="Australia/Sydney"/><property name="java.awt.printerjob" value="sun.lwawt.macosx.CPrinterJob"/><property name="file.encoding" value="UTF-8"/><property name="java.specification.version" value="1.8"/><property name="java.class.path" value="/Users/gunuputis4r/Documents/selenium/Eclipse.app/Contents/Eclipse/plugins/org.eclipse.m2e.maven.runtime_1.6.2.20150902-0001/jars/plexus-classworlds-2.5.2.jar"/><property name="user.name" value="gunuputis4r"/><property name="java.vm.specification.version" value="1.8"/><property name="sun.java.command" value="org.codehaus.plexus.classworlds.launcher.Launcher -B install"/><property name="java.home" value="/Library/Java/JavaVirtualMachines/jdk1.8.0_60.jdk/Contents/Home/jre"/><property name="sun.arch.data.model" value="64"/><property name="user.language" value="en"/><property name="java.specification.vendor" value="Oracle Corporation"/><property name="awt.toolkit" value="sun.lwawt.macosx.LWCToolkit"/><property name="java.vm.info" value="mixed mode"/><property name="java.version" value="1.8.0_60"/><property name="java.ext.dirs" value="/Users/gunuputis4r/Library/Java/Extensions:/Library/Java/JavaVirtualMachines/jdk1.8.0_60.jdk/Contents/Home/jre/lib/ext:/Library/Java/Extensions:/Network/Library/Java/Extensions:/System/Library/Java/Extensions:/usr/lib/java"/><property name="sun.boot.class.path" value="/Library/Java/JavaVirtualMachines/jdk1.8.0_60.jdk/Contents/Home/jre/lib/resources.jar:/Library/Java/JavaVirtualMachines/jdk1.8.0_60.jdk/Contents/Home/jre/lib/rt.jar:/Library/Java/JavaVirtualMachines/jdk1.8.0_60.jdk/Contents/Home/jre/lib/sunrsasign.jar:/Library/Java/JavaVirtualMachines/jdk1.8.0_60.jdk/Contents/Home/jre/lib/jsse.jar:/Library/Java/JavaVirtualMachines/jdk1.8.0_60.jdk/Contents/Home/jre/lib/jce.jar:/Library/Java/JavaVirtualMachines/jdk1.8.0_60.jdk/Contents/Home/jre/lib/charsets.jar:/Library/Java/JavaVirtualMachines/jdk1.8.0_60.jdk/Contents/Home/jre/lib/jfr.jar:/Library/Java/JavaVirtualMachines/jdk1.8.0_60.jdk/Contents/Home/jre/classes"/><property name="java.vendor" value="Oracle Corporation"/><property name="maven.home" value="/Users/gunuputis4r/Documents/selenium/workspace/ABCAppApi/EMBEDDED"/><property name="file.separator" value="/"/><property name="java.vendor.url.bug" value="http://bugreport.sun.com/bugreport/"/><property name="sun.font.fontmanager" value="sun.font.CFontManager"/><property name="sun.io.unicode.encoding" value="UnicodeBig"/><property name="sun.cpu.endian" value="little"/><property name="socksNonProxyHosts" value="local|*.local|169.254/16|*.169.254/16"/><property name="ftp.nonProxyHosts" value="local|*.local|169.254/16|*.169.254/16"/><property name="sun.cpu.isalist" value=""/></properties><testcase name="TC_Article_Details" time="0.053"/><testcase name="TC_Article_Details" time="0.054"/><testcase name="TC_Article_Details" time="0.045"/><testcase name="TC_Article_Details" time="0.04"/><testcase name="TC_Article_Details" time="0.051"/><testcase name="TC_Article_Details" time="0.016"/><testcase name="TC_Article_Details" time="0.026"/><testcase name="TC_Article_Details" time="0.017"/><testcase name="TC_Article_Details" time="0.023"/><testcase name="TC_Article_Details" time="0.289"/><testcase name="TC_Article_Details" time="0.025"/><testcase name="TC_Article_Details" time="0.042"/><testcase name="TC_Article_Details" time="0.026"/><testcase name="TC_Article_Details" time="0.02"/><testcase name="TC_Article_Details" time="0.048"/><testcase name="TC_Article_Details" time="0.023"/><testcase name="TC_Article_Details" time="0.019"/><testcase name="TC_Article_Details" time="0.017"/><testcase name="TC_Article_Details" time="0.006"/><testcase name="TC_Article_Details" time="0.006"/><testcase name="TC_Article_Details" time="0.006"/><testcase name="TC_Article_Details" time="0.006"/><testcase name="TC_Article_Details" time="0.006"/><testcase name="TC_Article_Details" time="0.006"/><testcase name="TC_Article_Details" time="0.007"/><testcase name="TC_Article_Details" time="0.061"/><testcase name="TC_Article_Details" time="0.007"/><testcase name="TC_Article_Details" time="0.007"/><testcase name="TC_Article_Details" time="0.02"/><testcase name="TC_Article_Details" time="0.006"/><testcase name="TC_Article_Details" time="0.007"/><testcase name="TC_Article_Details" time="0.053"/><testcase name="TC_Article_Details" time="0.103"/><testcase name="TC_Article_Details" time="0.009"/><testcase name="TC_Article_Details" time="0.013"/><testcase name="TC_Article_Details" time="0.032"/><testcase name="TC_Article_Details" time="0.026"/><testcase name="TC_Article_Details" time="0.043"/><testcase name="TC_Article_Details" time="0.036"/><testcase name="TC_Article_Details" time="0.024"/><testcase name="TC_Article_Details" time="0.022"/><testcase name="TC_Article_Details" time="0.026"/><testcase name="TC_Article_Details" time="0.034"/><testcase name="TC_Article_Details" time="0.018"/><testcase name="TC_Article_Details" time="0.121"/><testcase name="TC_Article_Details" time="0.044"/><testcase name="TC_Article_Details" time="0.029"/><testcase name="TC_Article_Details" time="0.028"/><testcase name="TC_Article_Details" time="0.023"/><testcase name="TC_Article_Details" time="0.024"/><testcase name="TC_Article_Details" time="0.041"/><testcase name="TC_Article_Details" time="0.022"/><testcase name="TC_Article_Details" time="0.032"/><testcase name="TC_Article_Details" time="0.04"/><testcase name="TC_Article_Details" time="0.052"/><testcase name="TC_Article_Details" time="0.024"/><testcase name="TC_Article_Details" time="0.028"/><testcase name="TC_Article_Details" time="0.029"/><testcase name="TC_Article_Details" time="0.033"/><testcase name="TC_Article_Details" time="0.007"/><testcase name="TC_Article_Details" time="0.026"/><testcase name="TC_Article_Details" time="0.007"/><testcase name="TC_Article_Details" time="0.005"/><testcase name="TC_Article_Details" time="0.018"/><testcase name="TC_Article_Details" time="0.009"/><testcase name="TC_Article_Details" time="0.019"/><testcase name="TC_Article_Details" time="0.027"/><testcase name="TC_Article_Details" time="0.051"/><testcase name="TC_Article_Details" time="0.036"/><testcase name="TC_Article_Details" time="0.007"/><testcase name="TC_Article_Details" time="0.005"/><testcase name="TC_Article_Details" time="0.007"/><testcase name="TC_Article_Details" time="0.007"/><testcase name="TC_Article_Details" time="0.006"/><testcase name="TC_Article_Details" time="0.008"/><testcase name="TC_Article_Details" time="0.027"/><testcase name="TC_Article_Details" time="0.014"/><testcase name="TC_Article_Details" time="0.234"/><testcase name="TC_Article_Details" time="0.029"/><testcase name="TC_Article_Details" time="0.024"/><testcase name="TC_Article_Details" time="0.035"/><testcase name="TC_Article_Details" time="0.04"/><testcase name="TC_Article_Details" time="0.03"/><testcase name="TC_Article_Details" time="0.018"/><testcase name="TC_Article_Details" time="0.021"/><testcase name="TC_Article_Details" time="0.04"/><testcase name="TC_Article_Details" time="0.005"/><testcase name="TC_Article_Details" time="0.007"/><testcase name="TC_Article_Details" time="0.007"/><testcase name="TC_Article_Details" time="0.007"/><testcase name="TC_Article_Details" time="0.006"/><testcase name="TC_Article_Details" time="0.034"/><testcase name="TC_Article_Details" time="0.025"/><testcase name="TC_Article_Details" time="0.031"/><testcase name="TC_Article_Details" time="0.009"/><testcase name="TC_Article_Details" time="0.021"/><testcase name="TC_Article_Details" time="0.025"/><testcase name="TC_Article_Details" time="0.022"/><testcase name="TC_Article_Details" time="0.026"/><testcase name="TC_Article_Details" time="0.024"/><testcase name="TC_Article_Details" time="0.024"/><testcase name="TC_Article_Details" time="0.021"/><testcase name="TC_Article_Details" time="0.026"/><testcase name="TC_Article_Details" time="0.01"/><testcase name="TC_Article_Details" time="0.006"/><testcase name="TC_Article_Details" time="0.007"/><testcase name="TC_Article_Details" time="0.007"/><testcase name="TC_Article_Details" time="0.038"/><testcase name="TC_Article_Details" time="0.139"/><testcase name="TC_Article_Details" time="0.024"/><testcase name="TC_Article_Details" time="0.032"/><testcase name="TC_Article_Details" time="0.007"/><testcase name="TC_Article_Details" time="0.008"/><testcase name="TC_Article_Details" time="0.019"/><testcase name="TC_Article_Details" time="0.023"/><testcase name="TC_Article_Details" time="0.007"/><testcase name="TC_Article_Details" time="0.006"/><testcase name="TC_Article_Details" time="0.023"/><testcase name="TC_Article_Details" time="0.025"/><testcase name="TC_Article_Details" time="0.015"/><testcase name="TC_Article_Details" time="0.078"/><testcase name="TC_Article_Details" time="0.039"/><testcase name="TC_Article_Details" time="0.051"/><testcase name="TC_Article_Details" time="0.007"/><testcase name="TC_Article_Details" time="0.007"/><testcase name="TC_Article_Details" time="0.008"/><testcase name="TC_Article_Details" time="0.007"/><testcase name="TC_Article_Details" time="0.006"/><testcase name="TC_Article_Details" time="0.045"/><testcase name="TC_Article_Details" time="0.007"/><testcase name="TC_Article_Details" time="0.033"/><testcase name="TC_Article_Details" time="0.013"/><testcase name="TC_Article_Details" time="0.014"/><testcase name="TC_Article_Details" time="0.033"/><testcase name="TC_Article_Details" time="0.023"/><testcase name="TC_Article_Details" time="0.027"/><testcase name="TC_Article_Details" time="0.029"/><testcase name="TC_Article_Details" time="0.026"/><testcase name="TC_Article_Details" time="0.019"/><testcase name="TC_Article_Details" time="0.019"/><testcase name="TC_Article_Details" time="0.015"/><testcase name="TC_Article_Details" time="0.012"/><testcase name="TC_Article_Details" time="0.033"/><testcase name="TC_Article_Details" time="0.008"/><testcase name="TC_Article_Details" time="0.026"/><testcase name="TC_Article_Details" time="0.017"/><testcase name="TC_Article_Details" time="0.024"/><testcase name="TC_Article_Details" time="0.032"/><testcase name="TC_Article_Details" time="0.006"/><testcase name="TC_Article_Details" time="0.006"/><testcase name="TC_Article_Details" time="0.006"/><testcase name="TC_Article_Details" time="0.023"/><testcase name="TC_Article_Details" time="0.027"/><testcase name="TC_Article_Details" time="0.038"/><testcase name="TC_Article_Details" time="0.008"/><testcase name="TC_Article_Details" time="0.006"/><testcase name="TC_Article_Details" time="0.009"/><testcase name="TC_Article_Details" time="0.007"/><testcase name="TC_Article_Details" time="0.006"/><testcase name="TC_Article_Details" time="0.023"/><testcase name="TC_Article_Details" time="0.051"/><testcase name="TC_Article_Details" time="0.041"/><testcase name="TC_Article_Details" time="0.443"/><testcase name="TC_Article_Details" time="0.05"/><testcase name="TC_Article_Details" time="0.026"/><testcase name="TC_Article_Details" time="0.037"/><testcase name="TC_Article_Details" time="0.048"/><testcase name="TC_Article_Details" time="0.025"/><testcase name="TC_Article_Details" time="0.02"/><testcase name="TC_Article_Details" time="0.03"/><testcase name="TC_Article_Details" time="0.024"/><testcase name="TC_Article_Details" time="0.008"/><testcase name="TC_Article_Details" time="0.007"/><testcase name="TC_Article_Details" time="0.026"/><testcase name="TC_Article_Details" time="0.03"/><testcase name="TC_Article_Details" time="0.028"/><testcase name="TC_Article_Details" time="0.026"/><testcase name="TC_Article_Details" time="0.026"/><testcase name="TC_Article_Details" time="0.03"/><testcase name="TC_Article_Details" time="0.115"/><testcase name="TC_Article_Details" time="0.075"/><testcase name="TC_Article_Details" time="0.035"/><testcase name="TC_Article_Details" time="0.037"/><testcase name="TC_Article_Details" time="0.022"/><testcase name="TC_Article_Details" time="0.018"/><testcase name="TC_Article_Details" time="0.006"/><testcase name="TC_Article_Details" time="0.03"/><testcase name="TC_Article_Details" time="0.051"/><testcase name="TC_Article_Details" time="0.021"/><testcase name="TC_Article_Details" time="0.026"/><testcase name="TC_Article_Details" time="0.026"/><testcase name="TC_Article_Details" time="0.022"/><testcase name="TC_Article_Details" time="0.038"/><testcase name="TC_Article_Details" time="0.05"/><testcase name="TC_Article_Details" time="0.042"/><testcase name="TC_Article_Details" time="0.05"/><testcase name="TC_Article_Details" time="0.016"/><testcase name="TC_Article_Details" time="0.03"/><testcase name="TC_Article_Details" time="0.03"/><testcase name="TC_Article_Details" time="0.023"/><testcase name="TC_Article_Details" time="0.037"/><testcase name="TC_Article_Details" time="0.023"/><testcase name="TC_Article_Details" time="0.006"/><testcase name="TC_Article_Details" time="0.008"/><testcase name="TC_Article_Details" time="0.006"/><testcase name="TC_Article_Details" time="0.042"/><testcase name="TC_Article_Details" time="0.036"/><testcase name="TC_Article_Details" time="0.036"/><testcase name="TC_Article_Details" time="0.023"/><testcase name="TC_Article_Details" time="0.022"/><testcase name="TC_Article_Details" time="0.022"/><testcase name="TC_Article_Details" time="0.034"/><testcase name="TC_Article_Details" time="0.016"/><testcase name="TC_Article_Details" time="0.039"/><testcase name="TC_Article_Details" time="0.06"/><testcase name="TC_Article_Details" time="0.013"/><testcase name="TC_Article_Details" time="0.013"/><testcase name="TC_Article_Details" time="0.022"/><testcase name="TC_Article_Details" time="0.026"/><testcase name="TC_Article_Details" time="0.007"/><testcase name="TC_Article_Details" time="0.009"/><testcase name="TC_Article_Details" time="0.008"/><testcase name="TC_Article_Details" time="0.007"/><testcase name="TC_Article_Details" time="0.063"/><testcase name="TC_Article_Details" time="0.022"/><testcase name="TC_Article_Details" time="0.024"/><testcase name="TC_Article_Details" time="0.007"/><testcase name="TC_Article_Details" time="0.006"/><testcase name="TC_Article_Details" time="0.042"/><testcase name="TC_Article_Details" time="0.006"/><testcase name="TC_Article_Details" time="0.019"/><testcase name="TC_Article_Details" time="0.019"/><testcase name="TC_Article_Details" time="0.041"/><testcase name="TC_Article_Details" time="0.026"/><testcase name="TC_Article_Details" time="0.021"/><testcase name="TC_Article_Details" time="0.019"/><testcase name="TC_Article_Details" time="0.007"/><testcase name="TC_Article_Details" time="0.051"/><testcase name="TC_Article_Details" time="0.029"/><testcase name="TC_Article_Details" time="0.015"/><testcase name="TC_Article_Details" time="0.016"/><testcase name="TC_Article_Details" time="0.022"/><testcase name="TC_Article_Details" time="0.065"/><testcase name="TC_Article_Details" time="0.031"/><testcase name="TC_Article_Details" time="0.024"/><testcase name="TC_Article_Details" time="0.024"/><testcase name="TC_Article_Details" time="0.007"/><testcase name="TC_Article_Details" time="0.042"/><testcase name="TC_Article_Details" time="0.022"/><testcase name="TC_Article_Details" time="0.027"/><testcase name="TC_Article_Details" time="0.022"/><testcase name="TC_Article_Details" time="0.008"/><testcase name="TC_Article_Details" time="0.046"/><testcase name="TC_Article_Details" time="0.006"/><testcase name="TC_Article_Details" time="0.025"/><testcase name="TC_Article_Details" time="0.006"/><testcase name="TC_Article_Details" time="0.009"/><testcase name="TC_Article_Details" time="0.02"/><testcase name="TC_Article_Details" time="0.064"/><testcase name="TC_Article_Details" time="0.007"/><testcase name="TC_Article_Details" time="0.011"/><testcase name="TC_Article_Details" time="0.008"/><testcase name="TC_Article_Details" time="0.006"/><testcase name="TC_Article_Details" time="0.02"/><testcase name="TC_Article_Details" time="0.006"/><testcase name="TC_Article_Details" time="0.007"/><testcase name="TC_Article_Details" time="0.007"/><testcase name="TC_Article_Details" time="0.006"/><testcase name="TC_Article_Details" time="0.021"/><testcase name="TC_Article_Details" time="0.008"/><testcase name="TC_Article_Details" time="0.032"/><testcase name="TC_Article_Details" time="0.024"/><testcase name="TC_Article_Details" time="0.033"/><testcase name="TC_Article_Details" time="0.087"/><testcase name="TC_Article_Details" time="0.031"/><testcase name="TC_Article_Details" time="0.028"/><testcase name="TC_Article_Details" time="0.022"/><testcase name="TC_Article_Details" time="0.03"/><testcase name="TC_Article_Details" time="0.019"/><testcase name="TC_Article_Details" time="0.046"/><testcase name="TC_Article_Details" time="0.622"/><testcase name="TC_Article_Details" time="0.019"/><testcase name="TC_Article_Details" time="0.049"/><testcase name="TC_Article_Details" time="0.032"/><testcase name="TC_Article_Details" time="0.025"/><testcase name="TC_Article_Details" time="0.028"/><testcase name="TC_Article_Details" time="0.02"/></testsuite>