<?xml version="1.0" encoding="UTF-8"?>
<testsuite name="API_Framework.TS_Category" tests="23" failures="1" errors="0" time="3.013"><properties><property name="java.runtime.name" value="Java(TM) SE Runtime Environment"/><property name="sun.boot.library.path" value="/Library/Java/JavaVirtualMachines/jdk1.8.0_60.jdk/Contents/Home/jre/lib"/><property name="java.vm.version" value="25.60-b23"/><property name="user.country.format" value="AU"/><property name="gopherProxySet" value="false"/><property name="maven.multiModuleProjectDirectory" value="/Users/gunuputis4r/Documents/selenium/workspace/ABCAppApi"/><property name="java.vm.vendor" value="Oracle Corporation"/><property name="java.vendor.url" value="http://java.oracle.com/"/><property name="guice.disable.misplaced.annotation.check" value="true"/><property name="path.separator" value=":"/><property name="java.vm.name" value="Java HotSpot(TM) 64-Bit Server VM"/><property name="file.encoding.pkg" value="sun.io"/><property name="user.country" value="US"/><property name="sun.java.launcher" value="SUN_STANDARD"/><property name="sun.os.patch.level" value="unknown"/><property name="java.vm.specification.name" value="Java Virtual Machine Specification"/><property name="user.dir" value="/Users/gunuputis4r/Documents/selenium/workspace/ABCAppApi"/><property name="java.runtime.version" value="1.8.0_60-b27"/><property name="java.awt.graphicsenv" value="sun.awt.CGraphicsEnvironment"/><property name="java.endorsed.dirs" value="/Library/Java/JavaVirtualMachines/jdk1.8.0_60.jdk/Contents/Home/jre/lib/endorsed"/><property name="os.arch" value="x86_64"/><property name="java.io.tmpdir" value="/var/folders/6f/cm41jlqd0vbfmj_f6nwv7tf4sskhh6/T/"/><property name="line.separator" value="
"/><property name="java.vm.specification.vendor" value="Oracle Corporation"/><property name="os.name" value="Mac OS X"/><property name="classworlds.conf" value="/Users/gunuputis4r/Documents/selenium/workspace/.metadata/.plugins/org.eclipse.m2e.launching/launches/m2conf5525465673648968154.tmp"/><property name="sun.jnu.encoding" value="UTF-8"/><property name="java.library.path" value="/Users/gunuputis4r/Library/Java/Extensions:/Library/Java/Extensions:/Network/Library/Java/Extensions:/System/Library/Java/Extensions:/usr/lib/java:."/><property name="sun.awt.enableExtraMouseButtons" value="true"/><property name="java.specification.name" value="Java Platform API Specification"/><property name="java.class.version" value="52.0"/><property name="sun.management.compiler" value="HotSpot 64-Bit Tiered Compilers"/><property name="os.version" value="10.11.6"/><property name="http.nonProxyHosts" value="local|*.local|169.254/16|*.169.254/16"/><property name="user.home" value="/Users/gunuputis4r"/><property name="user.timezone" value="Australia/Sydney"/><property name="java.awt.printerjob" value="sun.lwawt.macosx.CPrinterJob"/><property name="file.encoding" value="UTF-8"/><property name="java.specification.version" value="1.8"/><property name="java.class.path" value="/Users/gunuputis4r/Documents/selenium/Eclipse.app/Contents/Eclipse/plugins/org.eclipse.m2e.maven.runtime_1.6.2.20150902-0001/jars/plexus-classworlds-2.5.2.jar"/><property name="user.name" value="gunuputis4r"/><property name="java.vm.specification.version" value="1.8"/><property name="sun.java.command" value="org.codehaus.plexus.classworlds.launcher.Launcher -B install"/><property name="java.home" value="/Library/Java/JavaVirtualMachines/jdk1.8.0_60.jdk/Contents/Home/jre"/><property name="sun.arch.data.model" value="64"/><property name="user.language" value="en"/><property name="java.specification.vendor" value="Oracle Corporation"/><property name="awt.toolkit" value="sun.lwawt.macosx.LWCToolkit"/><property name="java.vm.info" value="mixed mode"/><property name="java.version" value="1.8.0_60"/><property name="java.ext.dirs" value="/Users/gunuputis4r/Library/Java/Extensions:/Library/Java/JavaVirtualMachines/jdk1.8.0_60.jdk/Contents/Home/jre/lib/ext:/Library/Java/Extensions:/Network/Library/Java/Extensions:/System/Library/Java/Extensions:/usr/lib/java"/><property name="sun.boot.class.path" value="/Library/Java/JavaVirtualMachines/jdk1.8.0_60.jdk/Contents/Home/jre/lib/resources.jar:/Library/Java/JavaVirtualMachines/jdk1.8.0_60.jdk/Contents/Home/jre/lib/rt.jar:/Library/Java/JavaVirtualMachines/jdk1.8.0_60.jdk/Contents/Home/jre/lib/sunrsasign.jar:/Library/Java/JavaVirtualMachines/jdk1.8.0_60.jdk/Contents/Home/jre/lib/jsse.jar:/Library/Java/JavaVirtualMachines/jdk1.8.0_60.jdk/Contents/Home/jre/lib/jce.jar:/Library/Java/JavaVirtualMachines/jdk1.8.0_60.jdk/Contents/Home/jre/lib/charsets.jar:/Library/Java/JavaVirtualMachines/jdk1.8.0_60.jdk/Contents/Home/jre/lib/jfr.jar:/Library/Java/JavaVirtualMachines/jdk1.8.0_60.jdk/Contents/Home/jre/classes"/><property name="java.vendor" value="Oracle Corporation"/><property name="maven.home" value="/Users/gunuputis4r/Documents/selenium/workspace/ABCAppApi/EMBEDDED"/><property name="file.separator" value="/"/><property name="java.vendor.url.bug" value="http://bugreport.sun.com/bugreport/"/><property name="sun.font.fontmanager" value="sun.font.CFontManager"/><property name="sun.io.unicode.encoding" value="UnicodeBig"/><property name="sun.cpu.endian" value="little"/><property name="socksNonProxyHosts" value="local|*.local|169.254/16|*.169.254/16"/><property name="ftp.nonProxyHosts" value="local|*.local|169.254/16|*.169.254/16"/><property name="sun.cpu.isalist" value=""/></properties><testcase name="TC_CategoryAll" time="0.006"/><testcase name="TC_Category_ID" time="0.065"/><testcase name="TC_Category_Local" time="0.102"><failure type="Cancelling due to failed test step" message="Cancelling due to failed test step"><![CDATA[<h3><b>Rq_LocalNews Failed</b></h3><pre>[Script Assertion] assert huc.getResponseCode() == 200
       |   |                 |
       |   404               false
       sun.net.www.protocol.http.HttpURLConnection:http://www.abc.net.au/news/image/16-16x9-320x180.jpg
</pre><hr/>]]></failure></testcase><testcase name="TC_Now_On_TV" time="0.399"/><testcase name="TC_Listen_Live" time="0.312"/><testcase name="TC_CategoryAll" time="0.006"/><testcase name="TC_Category_ID" time="0.364"/><testcase name="TC_Category_ID" time="0.448"/><testcase name="TC_Category_ID" time="0.019"/><testcase name="TC_Category_ID" time="0.02"/><testcase name="TC_Category_ID" time="0.477"/><testcase name="TC_Category_ID" time="0.058"/><testcase name="TC_Category_ID" time="0.07"/><testcase name="TC_Category_ID" time="0.148"/><testcase name="TC_Category_ID" time="0.11"/><testcase name="TC_Category_ID" time="0.109"/><testcase name="TC_Category_ID" time="0.07"/><testcase name="TC_Category_ID" time="0.02"/><testcase name="TC_Category_ID" time="0.063"/><testcase name="TC_Category_ID" time="0.069"/><testcase name="TC_Category_ID" time="0.019"/><testcase name="TC_Category_ID" time="0.05"/><testcase name="TC_Category_ID" time="0.009"/></testsuite>